

Started GET "/" for 127.0.0.1 at 2015-08-03 10:49:12 -0300

ActiveRecord::PendingMigrationError (

Migrations are pending. To resolve this issue, run:

	bin/rake db:migrate RAILS_ENV=development

):
  activerecord (4.2.2) lib/active_record/migration.rb:393:in `check_pending!'
  activerecord (4.2.2) lib/active_record/migration.rb:374:in `call'
  actionpack (4.2.2) lib/action_dispatch/middleware/callbacks.rb:29:in `block in call'
  activesupport (4.2.2) lib/active_support/callbacks.rb:88:in `call'
  activesupport (4.2.2) lib/active_support/callbacks.rb:88:in `_run_callbacks'
  activesupport (4.2.2) lib/active_support/callbacks.rb:776:in `_run_call_callbacks'
  activesupport (4.2.2) lib/active_support/callbacks.rb:81:in `run_callbacks'
  actionpack (4.2.2) lib/action_dispatch/middleware/callbacks.rb:27:in `call'
  actionpack (4.2.2) lib/action_dispatch/middleware/reloader.rb:73:in `call'
  actionpack (4.2.2) lib/action_dispatch/middleware/remote_ip.rb:78:in `call'
  actionpack (4.2.2) lib/action_dispatch/middleware/debug_exceptions.rb:17:in `call'
  web-console (2.1.3) lib/web_console/middleware.rb:37:in `call'
  actionpack (4.2.2) lib/action_dispatch/middleware/show_exceptions.rb:30:in `call'
  railties (4.2.2) lib/rails/rack/logger.rb:38:in `call_app'
  railties (4.2.2) lib/rails/rack/logger.rb:20:in `block in call'
  activesupport (4.2.2) lib/active_support/tagged_logging.rb:68:in `block in tagged'
  activesupport (4.2.2) lib/active_support/tagged_logging.rb:26:in `tagged'
  activesupport (4.2.2) lib/active_support/tagged_logging.rb:68:in `tagged'
  railties (4.2.2) lib/rails/rack/logger.rb:20:in `call'
  actionpack (4.2.2) lib/action_dispatch/middleware/request_id.rb:21:in `call'
  rack (1.6.4) lib/rack/methodoverride.rb:22:in `call'
  rack (1.6.4) lib/rack/runtime.rb:18:in `call'
  activesupport (4.2.2) lib/active_support/cache/strategy/local_cache_middleware.rb:28:in `call'
  rack (1.6.4) lib/rack/lock.rb:17:in `call'
  actionpack (4.2.2) lib/action_dispatch/middleware/static.rb:113:in `call'
  rack (1.6.4) lib/rack/sendfile.rb:113:in `call'
  railties (4.2.2) lib/rails/engine.rb:518:in `call'
  railties (4.2.2) lib/rails/application.rb:164:in `call'
  rack (1.6.4) lib/rack/lock.rb:17:in `call'
  rack (1.6.4) lib/rack/content_length.rb:15:in `call'
  rack (1.6.4) lib/rack/handler/webrick.rb:88:in `service'
  /home/jbull/.rvm/rubies/ruby-2.2.2/lib/ruby/2.2.0/webrick/httpserver.rb:138:in `service'
  /home/jbull/.rvm/rubies/ruby-2.2.2/lib/ruby/2.2.0/webrick/httpserver.rb:94:in `run'
  /home/jbull/.rvm/rubies/ruby-2.2.2/lib/ruby/2.2.0/webrick/server.rb:294:in `block in start_thread'


  Rendered /home/jbull/.rvm/gems/ruby-2.2.2/gems/actionpack-4.2.2/lib/action_dispatch/middleware/templates/rescues/_source.erb (2.0ms)
  Rendered /home/jbull/.rvm/gems/ruby-2.2.2/gems/actionpack-4.2.2/lib/action_dispatch/middleware/templates/rescues/_trace.html.erb (1.3ms)
  Rendered /home/jbull/.rvm/gems/ruby-2.2.2/gems/actionpack-4.2.2/lib/action_dispatch/middleware/templates/rescues/_request_and_response.html.erb (0.8ms)
  Rendered /home/jbull/.rvm/gems/ruby-2.2.2/gems/actionpack-4.2.2/lib/action_dispatch/middleware/templates/rescues/diagnostics.html.erb within rescues/layout (19.1ms)
  Rendered /home/jbull/.rvm/gems/ruby-2.2.2/gems/web-console-2.1.3/lib/web_console/templates/_markup.html.erb (0.3ms)
  Rendered /home/jbull/.rvm/gems/ruby-2.2.2/gems/web-console-2.1.3/lib/web_console/templates/style.css.erb within layouts/inlined_string (0.2ms)
  Rendered /home/jbull/.rvm/gems/ruby-2.2.2/gems/web-console-2.1.3/lib/web_console/templates/_inner_console_markup.html.erb within layouts/inlined_string (0.3ms)
  Rendered /home/jbull/.rvm/gems/ruby-2.2.2/gems/web-console-2.1.3/lib/web_console/templates/_prompt_box_markup.html.erb within layouts/inlined_string (0.3ms)
  Rendered /home/jbull/.rvm/gems/ruby-2.2.2/gems/web-console-2.1.3/lib/web_console/templates/console.js.erb within layouts/javascript (15.1ms)
  Rendered /home/jbull/.rvm/gems/ruby-2.2.2/gems/web-console-2.1.3/lib/web_console/templates/main.js.erb within layouts/javascript (0.3ms)
  Rendered /home/jbull/.rvm/gems/ruby-2.2.2/gems/web-console-2.1.3/lib/web_console/templates/error_page.js.erb within layouts/javascript (0.4ms)
  Rendered /home/jbull/.rvm/gems/ruby-2.2.2/gems/web-console-2.1.3/lib/web_console/templates/index.html.erb (33.0ms)
  [1m[36m (115.6ms)[0m  [1mCREATE TABLE "schema_migrations" ("version" varchar NOT NULL) [0m
  [1m[35m (0.2ms)[0m  select sqlite_version(*)
  [1m[36m (132.8ms)[0m  [1mCREATE UNIQUE INDEX "unique_schema_migrations" ON "schema_migrations" ("version")[0m
  [1m[35mActiveRecord::SchemaMigration Load (0.1ms)[0m  SELECT "schema_migrations".* FROM "schema_migrations"
Migrating to CreateQuestions (20150625213517)
  [1m[36m (0.1ms)[0m  [1mbegin transaction[0m
  [1m[35m (0.3ms)[0m  CREATE TABLE "questions" ("id" INTEGER PRIMARY KEY AUTOINCREMENT NOT NULL, "lesson" varchar, "statement" text, "a" varchar, "b" varchar, "c" varchar, "d" varchar, "created_at" datetime NOT NULL, "updated_at" datetime NOT NULL) 
  [1m[36mSQL (0.2ms)[0m  [1mINSERT INTO "schema_migrations" ("version") VALUES (?)[0m  [["version", "20150625213517"]]
  [1m[35m (133.8ms)[0m  commit transaction
Migrating to DeviseCreateUsers (20150725221638)
  [1m[36m (0.1ms)[0m  [1mbegin transaction[0m
  [1m[35m (0.3ms)[0m  CREATE TABLE "users" ("id" INTEGER PRIMARY KEY AUTOINCREMENT NOT NULL, "name" varchar, "email" varchar DEFAULT '' NOT NULL, "encrypted_password" varchar DEFAULT '' NOT NULL, "reset_password_token" varchar, "reset_password_sent_at" datetime, "remember_created_at" datetime, "sign_in_count" integer DEFAULT 0 NOT NULL, "current_sign_in_at" datetime, "last_sign_in_at" datetime, "current_sign_in_ip" varchar, "last_sign_in_ip" varchar, "confirmation_token" varchar, "confirmed_at" datetime, "confirmation_sent_at" datetime, "unconfirmed_email" varchar, "created_at" datetime NOT NULL, "updated_at" datetime NOT NULL) 
  [1m[36m (0.2ms)[0m  [1mCREATE UNIQUE INDEX "index_users_on_email" ON "users" ("email")[0m
  [1m[35m (0.1ms)[0m              SELECT sql
            FROM sqlite_master
            WHERE name='index_users_on_email' AND type='index'
            UNION ALL
            SELECT sql
            FROM sqlite_temp_master
            WHERE name='index_users_on_email' AND type='index'

  [1m[36m (0.1ms)[0m  [1mCREATE UNIQUE INDEX "index_users_on_reset_password_token" ON "users" ("reset_password_token")[0m
  [1m[35mSQL (0.1ms)[0m  INSERT INTO "schema_migrations" ("version") VALUES (?)  [["version", "20150725221638"]]
  [1m[36m (130.6ms)[0m  [1mcommit transaction[0m
  [1m[35mActiveRecord::SchemaMigration Load (0.1ms)[0m  SELECT "schema_migrations".* FROM "schema_migrations"
  [1m[36m (0.1ms)[0m  [1m            SELECT sql
            FROM sqlite_master
            WHERE name='index_users_on_reset_password_token' AND type='index'
            UNION ALL
            SELECT sql
            FROM sqlite_temp_master
            WHERE name='index_users_on_reset_password_token' AND type='index'
[0m
  [1m[35m (0.1ms)[0m              SELECT sql
            FROM sqlite_master
            WHERE name='index_users_on_email' AND type='index'
            UNION ALL
            SELECT sql
            FROM sqlite_temp_master
            WHERE name='index_users_on_email' AND type='index'

  [1m[36mActiveRecord::SchemaMigration Load (0.1ms)[0m  [1mSELECT "schema_migrations".* FROM "schema_migrations"[0m
  [1m[35m (0.1ms)[0m  begin transaction
  [1m[36mSQL (0.3ms)[0m  [1mINSERT INTO "questions" ("lesson", "statement", "a", "b", "c", "d", "created_at", "updated_at") VALUES (?, ?, ?, ?, ?, ?, ?, ?)[0m  [["lesson", "loops"], ["statement", "qual é a cor do carro azul?"], ["a", "azul"], ["b", "verde"], ["c", "preto"], ["d", "branco"], ["created_at", "2015-08-03 13:49:31.819543"], ["updated_at", "2015-08-03 13:49:31.819543"]]
  [1m[35m (132.6ms)[0m  commit transaction
  [1m[36m (0.1ms)[0m  [1mbegin transaction[0m
  [1m[35mSQL (0.1ms)[0m  INSERT INTO "questions" ("lesson", "statement", "a", "b", "c", "d", "created_at", "updated_at") VALUES (?, ?, ?, ?, ?, ?, ?, ?)  [["lesson", "loops"], ["statement", "quanto é 2+2?"], ["a", "4"], ["b", "10"], ["c", "2"], ["d", "0"], ["created_at", "2015-08-03 13:49:31.956015"], ["updated_at", "2015-08-03 13:49:31.956015"]]
  [1m[36m (154.9ms)[0m  [1mcommit transaction[0m
  [1m[35m (0.1ms)[0m  begin transaction
  [1m[36mSQL (0.4ms)[0m  [1mINSERT INTO "questions" ("lesson", "statement", "a", "b", "c", "d", "created_at", "updated_at") VALUES (?, ?, ?, ?, ?, ?, ?, ?)[0m  [["lesson", "loops"], ["statement", "terceiro, quarto, quinto..."], ["a", "sexto"], ["b", "primeiro"], ["c", "sétimo"], ["d", "oitavo"], ["created_at", "2015-08-03 13:49:32.113471"], ["updated_at", "2015-08-03 13:49:32.113471"]]
  [1m[35m (130.2ms)[0m  commit transaction
  [1m[36m (0.1ms)[0m  [1mbegin transaction[0m
  [1m[35mSQL (0.3ms)[0m  INSERT INTO "questions" ("lesson", "statement", "a", "b", "c", "d", "created_at", "updated_at") VALUES (?, ?, ?, ?, ?, ?, ?, ?)  [["lesson", "loops"], ["statement", "qual era a cor do cavalo branco de Napoleão?"], ["a", "branco"], ["b", "marrom"], ["c", "preto"], ["d", "cinza"], ["created_at", "2015-08-03 13:49:32.247164"], ["updated_at", "2015-08-03 13:49:32.247164"]]
  [1m[36m (131.4ms)[0m  [1mcommit transaction[0m
  [1m[35m (0.1ms)[0m  begin transaction
  [1m[36mSQL (0.4ms)[0m  [1mINSERT INTO "questions" ("lesson", "statement", "a", "b", "c", "d", "created_at", "updated_at") VALUES (?, ?, ?, ?, ?, ?, ?, ?)[0m  [["lesson", "loops"], ["statement", "while em portugues significa:"], ["a", "enquanto"], ["b", "se"], ["c", "negação"], ["d", "fim"], ["created_at", "2015-08-03 13:49:32.381991"], ["updated_at", "2015-08-03 13:49:32.381991"]]
  [1m[35m (119.1ms)[0m  commit transaction
  [1m[36m (0.1ms)[0m  [1mbegin transaction[0m
  [1m[35mSQL (0.3ms)[0m  INSERT INTO "questions" ("lesson", "statement", "a", "b", "c", "d", "created_at", "updated_at") VALUES (?, ?, ?, ?, ?, ?, ?, ?)  [["lesson", "loops"], ["statement", "qual dos nomes a seguir não representa um laço"], ["a", "if"], ["b", "while"], ["c", "for"], ["d", "foreach"], ["created_at", "2015-08-03 13:49:32.505093"], ["updated_at", "2015-08-03 13:49:32.505093"]]
  [1m[36m (130.4ms)[0m  [1mcommit transaction[0m
  [1m[35m (0.1ms)[0m  begin transaction
  [1m[36mSQL (0.2ms)[0m  [1mINSERT INTO "questions" ("lesson", "statement", "a", "b", "c", "d", "created_at", "updated_at") VALUES (?, ?, ?, ?, ?, ?, ?, ?)[0m  [["lesson", "loops"], ["statement", "x = 3+2. se x>5 escreva java senao escreva rails"], ["a", "rails"], ["b", "java"], ["c", "phyton"], ["d", "javascript"], ["created_at", "2015-08-03 13:49:32.638848"], ["updated_at", "2015-08-03 13:49:32.638848"]]
  [1m[35m (131.4ms)[0m  commit transaction
  [1m[36m (0.1ms)[0m  [1mbegin transaction[0m
  [1m[35mSQL (0.2ms)[0m  INSERT INTO "questions" ("lesson", "statement", "a", "b", "c", "d", "created_at", "updated_at") VALUES (?, ?, ?, ?, ?, ?, ?, ?)  [["lesson", "loops"], ["statement", "encontre x"], ["a", "x"], ["b", "y"], ["c", "w"], ["d", "z"], ["created_at", "2015-08-03 13:49:32.772746"], ["updated_at", "2015-08-03 13:49:32.772746"]]
  [1m[36m (132.2ms)[0m  [1mcommit transaction[0m


Started GET "/" for 127.0.0.1 at 2015-08-03 10:49:40 -0300
  [1m[36mActiveRecord::SchemaMigration Load (0.2ms)[0m  [1mSELECT "schema_migrations".* FROM "schema_migrations"[0m
Processing by MainController#index as HTML
Redirected to http://localhost:3000/users/sign_in
Completed 302 Found in 12ms (ActiveRecord: 0.0ms)


Started GET "/users/sign_in" for 127.0.0.1 at 2015-08-03 10:49:40 -0300
Processing by Devise::SessionsController#new as HTML
  Rendered devise/shared/_links.html.erb (1.5ms)
  Rendered devise/sessions/new.html.erb within layouts/application (47.3ms)
  Rendered layouts/_navbar.html.erb (0.3ms)
Completed 200 OK in 4956ms (Views: 4943.6ms | ActiveRecord: 0.4ms)
